<?xml version="1.0" encoding="UTF-8"?><testsuite errors="0" failures="1" name="io.cucumber.core.plugin.JUnitFormatter" skipped="0" tests="1" time="19.859">
<testcase classname="To validate Registration functionality of application" name="User validate registration page" time="19.324">
<failure message="element click intercepted: Element is not clickable at point (205, 628)&#10;  (Session info: chrome=111.0.5563.65)&#10;Build info: version: '4.7.2', revision: '4d4020c3b7'&#10;System info: os.name: 'Windows 10', os.arch: 'amd64', os.version: '10.0', java.version: '17.0.6'&#10;Driver info: org.openqa.selenium.chrome.ChromeDriver&#10;Command: [b0d6bccbc2da58985248058ca8bc0c43, clickElement {id=a56f08ef-ca76-4208-8e5f-b6800d8ede13}]&#10;Capabilities {acceptInsecureCerts: false, browserName: chrome, browserVersion: 111.0.5563.65, chrome: {chromedriverVersion: 111.0.5563.64 (c710e93d5b63..., userDataDir: C:\Users\Raja\AppData\Local...}, goog:chromeOptions: {debuggerAddress: localhost:54983}, networkConnectionEnabled: false, pageLoadStrategy: normal, platformName: WINDOWS, proxy: Proxy(), se:cdp: ws://localhost:54983/devtoo..., se:cdpVersion: 111.0.5563.65, setWindowRect: true, strictFileInteractability: false, timeouts: {implicit: 0, pageLoad: 300000, script: 30000}, unhandledPromptBehavior: dismiss and notify, webauthn:extension:credBlob: true, webauthn:extension:largeBlob: true, webauthn:extension:minPinLength: true, webauthn:extension:prf: true, webauthn:virtualAuthenticators: true}&#10;Element: [[ChromeDriver: chrome on WINDOWS (b0d6bccbc2da58985248058ca8bc0c43)] -&gt; xpath: //ul[@class='country-list ']//li]&#10;Session ID: b0d6bccbc2da58985248058ca8bc0c43" type="org.openqa.selenium.ElementClickInterceptedException"><![CDATA[Given User navigates to Register Account page...............................passed
When User enters the details into below fields..............................failed
And User selects Role option, company size and responsibility...............skipped
And User clicks on submit button............................................skipped
Then User account should get created successfully...........................skipped

StackTrace:
org.openqa.selenium.ElementClickInterceptedException: element click intercepted: Element is not clickable at point (205, 628)
  (Session info: chrome=111.0.5563.65)
Build info: version: '4.7.2', revision: '4d4020c3b7'
System info: os.name: 'Windows 10', os.arch: 'amd64', os.version: '10.0', java.version: '17.0.6'
Driver info: org.openqa.selenium.chrome.ChromeDriver
Command: [b0d6bccbc2da58985248058ca8bc0c43, clickElement {id=a56f08ef-ca76-4208-8e5f-b6800d8ede13}]
Capabilities {acceptInsecureCerts: false, browserName: chrome, browserVersion: 111.0.5563.65, chrome: {chromedriverVersion: 111.0.5563.64 (c710e93d5b63..., userDataDir: C:\Users\Raja\AppData\Local...}, goog:chromeOptions: {debuggerAddress: localhost:54983}, networkConnectionEnabled: false, pageLoadStrategy: normal, platformName: WINDOWS, proxy: Proxy(), se:cdp: ws://localhost:54983/devtoo..., se:cdpVersion: 111.0.5563.65, setWindowRect: true, strictFileInteractability: false, timeouts: {implicit: 0, pageLoad: 300000, script: 30000}, unhandledPromptBehavior: dismiss and notify, webauthn:extension:credBlob: true, webauthn:extension:largeBlob: true, webauthn:extension:minPinLength: true, webauthn:extension:prf: true, webauthn:virtualAuthenticators: true}
Element: [[ChromeDriver: chrome on WINDOWS (b0d6bccbc2da58985248058ca8bc0c43)] -> xpath: //ul[@class='country-list ']//li]
Session ID: b0d6bccbc2da58985248058ca8bc0c43
	at java.base/jdk.internal.reflect.NativeConstructorAccessorImpl.newInstance0(Native Method)
	at java.base/jdk.internal.reflect.NativeConstructorAccessorImpl.newInstance(NativeConstructorAccessorImpl.java:77)
	at java.base/jdk.internal.reflect.DelegatingConstructorAccessorImpl.newInstance(DelegatingConstructorAccessorImpl.java:45)
	at java.base/java.lang.reflect.Constructor.newInstanceWithCaller(Constructor.java:499)
	at java.base/java.lang.reflect.Constructor.newInstance(Constructor.java:480)
	at org.openqa.selenium.remote.codec.w3c.W3CHttpResponseCodec.createException(W3CHttpResponseCodec.java:200)
	at org.openqa.selenium.remote.codec.w3c.W3CHttpResponseCodec.decode(W3CHttpResponseCodec.java:133)
	at org.openqa.selenium.remote.codec.w3c.W3CHttpResponseCodec.decode(W3CHttpResponseCodec.java:53)
	at org.openqa.selenium.remote.HttpCommandExecutor.execute(HttpCommandExecutor.java:184)
	at org.openqa.selenium.remote.service.DriverCommandExecutor.invokeExecute(DriverCommandExecutor.java:167)
	at org.openqa.selenium.remote.service.DriverCommandExecutor.execute(DriverCommandExecutor.java:142)
	at org.openqa.selenium.remote.RemoteWebDriver.execute(RemoteWebDriver.java:535)
	at org.openqa.selenium.remote.RemoteWebElement.execute(RemoteWebElement.java:257)
	at org.openqa.selenium.remote.RemoteWebElement.click(RemoteWebElement.java:78)
	at pageobjects.RegisterPage.selectCountryOption(RegisterPage.java:86)
	at com.assessment.stepdefinition.RegisterValidation.user_enters_the_details_into_below_fields(RegisterValidation.java:42)
	at âœ½.User enters the details into below fields(file:///C:/Users/Raja/IdeaProjects/QA_Assessment_Automation/src/test/resources/com.assessment.featurefile/Register.feature:6)
]]></failure>
</testcase>
</testsuite>
